2021/08/09 00:00:08 [info] 14#14 discovery started
2021/08/09 00:00:08 [notice] 14#14 module: php 8.0.6 "/usr/lib/unit/modules/php.unit.so"
2021/08/09 00:00:08 [info] 12#12 controller started
2021/08/09 00:00:08 [notice] 12#12 process 14 exited with code 0
2021/08/09 00:00:08 [info] 16#16 router started
2021/08/09 00:00:08 [info] 16#16 OpenSSL 1.1.1d  10 Sep 2019, 1010104f
2021/08/09 00:00:08 [info] 20#20 "wordpress" application started
2021/08/09 00:00:08 [notice] 12#12 process 15 exited with code 0
2021/08/09 00:00:08 [notice] 12#12 process 16 exited with code 0
2021/08/09 00:00:08 [notice] 12#12 process 20 exited with code 0
2021/08/09 00:00:08 [info] 30#30 discovery started
2021/08/09 00:00:08 [notice] 30#30 module: php 8.0.6 "/usr/lib/unit/modules/php.unit.so"
2021/08/09 00:00:08 [info] 1#1 controller started
2021/08/09 00:00:08 [notice] 1#1 process 30 exited with code 0
2021/08/09 00:00:08 [info] 32#32 router started
2021/08/09 00:00:08 [info] 32#32 OpenSSL 1.1.1d  10 Sep 2019, 1010104f
2021/08/09 00:00:08 [info] 33#33 "wordpress" application started
2021/08/09 00:16:51 [notice] 1#1 process 31 exited with code 0
2021/08/09 00:16:52 [notice] 1#1 process 32 exited with code 0
2021/08/09 00:16:52 [notice] 1#1 process 33 exited with code 0
2021/08/09 00:17:22 [info] 15#15 discovery started
2021/08/09 00:17:22 [notice] 15#15 module: php 8.0.6 "/usr/lib/unit/modules/php.unit.so"
2021/08/09 00:17:22 [info] 13#13 controller started
2021/08/09 00:17:22 [notice] 13#13 process 15 exited with code 0
2021/08/09 00:17:22 [info] 17#17 router started
2021/08/09 00:17:22 [info] 17#17 OpenSSL 1.1.1d  10 Sep 2019, 1010104f
2021/08/09 00:17:23 [info] 21#21 "wordpress" application started
2021/08/09 00:17:23 [notice] 13#13 process 16 exited with code 0
2021/08/09 00:17:23 [notice] 13#13 process 17 exited with code 0
2021/08/09 00:17:23 [notice] 13#13 process 21 exited with code 0
2021/08/09 00:17:23 [info] 32#32 discovery started
2021/08/09 00:17:23 [notice] 32#32 module: php 8.0.6 "/usr/lib/unit/modules/php.unit.so"
2021/08/09 00:17:23 [info] 1#1 controller started
2021/08/09 00:17:23 [notice] 1#1 process 32 exited with code 0
2021/08/09 00:17:23 [info] 34#34 router started
2021/08/09 00:17:23 [info] 34#34 OpenSSL 1.1.1d  10 Sep 2019, 1010104f
2021/08/09 00:17:23 [info] 35#35 "wordpress" application started
2021/08/09 00:19:03 [info] 13#13 discovery started
2021/08/09 00:19:03 [notice] 13#13 module: php 8.0.6 "/usr/lib/unit/modules/php.unit.so"
2021/08/09 00:19:03 [info] 1#1 controller started
2021/08/09 00:19:03 [notice] 1#1 process 13 exited with code 0
2021/08/09 00:19:03 [info] 15#15 router started
2021/08/09 00:19:03 [info] 15#15 OpenSSL 1.1.1d  10 Sep 2019, 1010104f
2021/08/09 00:19:03 [info] 16#16 "wordpress" application started
2021/08/09 00:27:12 [info] 12#12 discovery started
2021/08/09 00:27:12 [notice] 12#12 module: php 8.0.6 "/usr/lib/unit/modules/php.unit.so"
2021/08/09 00:27:12 [info] 1#1 controller started
2021/08/09 00:27:12 [notice] 1#1 process 12 exited with code 0
2021/08/09 00:27:12 [info] 14#14 router started
2021/08/09 00:27:12 [info] 14#14 OpenSSL 1.1.1d  10 Sep 2019, 1010104f
2021/08/09 00:27:13 [info] 15#15 "wordpress" application started
2021/08/09 00:29:13 [info] 9#9 discovery started
2021/08/09 00:29:13 [notice] 9#9 module: php 8.0.6 "/usr/lib/unit/modules/php.unit.so"
2021/08/09 00:29:13 [info] 1#1 controller started
2021/08/09 00:29:13 [notice] 1#1 process 9 exited with code 0
2021/08/09 00:29:13 [info] 11#11 router started
2021/08/09 00:29:13 [info] 11#11 OpenSSL 1.1.1d  10 Sep 2019, 1010104f
2021/08/09 00:29:13 [info] 12#12 "wordpress" application started
2021/08/09 00:32:39 [info] 9#9 discovery started
2021/08/09 00:32:39 [notice] 9#9 module: php 8.0.6 "/usr/lib/unit/modules/php.unit.so"
2021/08/09 00:32:39 [info] 1#1 controller started
2021/08/09 00:32:39 [notice] 1#1 process 9 exited with code 0
2021/08/09 00:32:39 [info] 11#11 router started
2021/08/09 00:32:39 [info] 11#11 OpenSSL 1.1.1d  10 Sep 2019, 1010104f
2021/08/09 00:32:39 [info] 12#12 "wordpress" application started
2021/08/09 00:33:46 [info] 9#9 discovery started
2021/08/09 00:33:46 [notice] 9#9 module: php 8.0.6 "/usr/lib/unit/modules/php.unit.so"
2021/08/09 00:33:46 [info] 1#1 controller started
2021/08/09 00:33:46 [notice] 1#1 process 9 exited with code 0
2021/08/09 00:33:46 [info] 11#11 router started
2021/08/09 00:33:46 [info] 11#11 OpenSSL 1.1.1d  10 Sep 2019, 1010104f
2021/08/09 00:33:47 [info] 12#12 "wordpress" application started
2021/08/09 00:35:53 [info] 9#9 discovery started
2021/08/09 00:35:53 [notice] 9#9 module: php 8.0.6 "/usr/lib/unit/modules/php.unit.so"
2021/08/09 00:35:53 [info] 1#1 controller started
2021/08/09 00:35:53 [notice] 1#1 process 9 exited with code 0
2021/08/09 00:35:53 [info] 11#11 router started
2021/08/09 00:35:53 [info] 11#11 OpenSSL 1.1.1d  10 Sep 2019, 1010104f
2021/08/09 00:35:53 [info] 12#12 "wordpress" application started
2021/08/09 00:47:14 [notice] 1#1 process 10 exited with code 0
2021/08/09 00:47:14 [notice] 1#1 process 11 exited with code 0
2021/08/09 00:47:14 [notice] 1#1 process 12 exited with code 0
2021/08/09 00:47:17 [info] 11#11 discovery started
2021/08/09 00:47:17 [notice] 11#11 module: php 8.0.6 "/usr/lib/unit/modules/php.unit.so"
2021/08/09 00:47:17 [info] 1#1 controller started
2021/08/09 00:47:17 [notice] 1#1 process 11 exited with code 0
2021/08/09 00:47:17 [info] 13#13 router started
2021/08/09 00:47:17 [info] 13#13 OpenSSL 1.1.1d  10 Sep 2019, 1010104f
2021/08/09 00:47:17 [info] 14#14 "wordpress" application started
2021/08/09 00:49:36 [info] 10#10 discovery started
2021/08/09 00:49:36 [notice] 10#10 module: php 8.0.6 "/usr/lib/unit/modules/php.unit.so"
2021/08/09 00:49:36 [info] 1#1 controller started
2021/08/09 00:49:36 [notice] 1#1 process 10 exited with code 0
2021/08/09 00:49:36 [info] 12#12 router started
2021/08/09 00:49:36 [info] 12#12 OpenSSL 1.1.1d  10 Sep 2019, 1010104f
2021/08/09 00:49:36 [info] 13#13 "wordpress" application started
2021/08/09 12:15:31 [notice] 1#1 process 11 exited with code 0
2021/08/09 12:15:31 [notice] 1#1 process 12 exited with code 0
2021/08/09 12:15:32 [notice] 1#1 process 13 exited with code 0
2021/08/09 12:16:04 [info] 11#11 discovery started
2021/08/09 12:16:04 [notice] 11#11 module: php 8.0.6 "/usr/lib/unit/modules/php.unit.so"
2021/08/09 12:16:04 [info] 1#1 controller started
2021/08/09 12:16:04 [notice] 1#1 process 11 exited with code 0
2021/08/09 12:16:04 [info] 13#13 router started
2021/08/09 12:16:04 [info] 13#13 OpenSSL 1.1.1d  10 Sep 2019, 1010104f
2021/08/09 12:16:04 [info] 14#14 "wordpress" application started
2021/08/09 12:23:38 [notice] 1#1 process 12 exited with code 0
2021/08/09 12:23:38 [notice] 1#1 process 13 exited with code 0
2021/08/09 12:23:38 [notice] 1#1 process 14 exited with code 0
2021/08/09 12:24:40 [info] 10#10 discovery started
2021/08/09 12:24:40 [notice] 10#10 module: php 8.0.6 "/usr/lib/unit/modules/php.unit.so"
2021/08/09 12:24:42 [info] 1#1 controller started
2021/08/09 12:24:42 [notice] 1#1 process 10 exited with code 0
2021/08/09 12:24:42 [info] 12#12 router started
2021/08/09 12:24:42 [info] 12#12 OpenSSL 1.1.1d  10 Sep 2019, 1010104f
2021/08/09 12:24:42 [info] 13#13 "wordpress" application started
2021/08/09 12:30:03 [info] 16#16 discovery started
2021/08/09 12:30:03 [notice] 16#16 module: php 8.0.6 "/usr/lib/unit/modules/php.unit.so"
2021/08/09 12:30:04 [info] 14#14 controller started
2021/08/09 12:30:04 [notice] 14#14 process 16 exited with code 0
2021/08/09 12:30:04 [info] 18#18 router started
2021/08/09 12:30:04 [info] 18#18 OpenSSL 1.1.1d  10 Sep 2019, 1010104f
2021/08/09 12:30:04 [info] 22#22 "wordpress" application started
2021/08/09 12:30:04 [notice] 14#14 process 18 exited with code 0
2021/08/09 12:30:04 [notice] 14#14 process 17 exited with code 0
2021/08/09 12:30:04 [notice] 14#14 process 22 exited with code 0
2021/08/09 12:30:05 [info] 32#32 discovery started
2021/08/09 12:30:05 [notice] 32#32 module: php 8.0.6 "/usr/lib/unit/modules/php.unit.so"
2021/08/09 12:30:05 [info] 1#1 controller started
2021/08/09 12:30:05 [notice] 1#1 process 32 exited with code 0
2021/08/09 12:30:05 [info] 34#34 router started
2021/08/09 12:30:05 [info] 34#34 OpenSSL 1.1.1d  10 Sep 2019, 1010104f
2021/08/09 12:30:05 [info] 35#35 "wordpress" application started
